<?xml version="1.0" encoding="UTF-8"?>
<!-- Generated by org.testng.reporters.JUnitReportReporter -->
<testsuite hostname="DESKTOP-K4IN2R5" failures="0" tests="1" name="Project_T01.EbayScenario2" time="8.802" errors="0" timestamp="2023-04-10T01:43:26 IST" skipped="0">
  <testcase classname="Project_T01.EbayScenario2" name="accessProductViaSearch" time="8.802"/>
  <system-out/>
</testsuite> <!-- Project_T01.EbayScenario2 -->
